<?xml version="1.0" encoding="UTF-8"?>
<!-- Generated by org.testng.reporters.JUnitReportReporter -->
<testsuite hostname="TESTING1-2024" failures="0" tests="1" name="Test001.F1" time="37.788" errors="0" timestamp="2024-08-06T17:43:41 IST" skipped="0">
  <testcase classname="Test001.F1" name="testThankYouMessage" time="37.788"/>
  <system-out/>
</testsuite> <!-- Test001.F1 -->
